{"D:\\Desktop\\6 семестр\\Управління ІТ-проєктами\\lab-project\\src\\App.js": {"path":"D:\\Desktop\\6 семестр\\Управління ІТ-проєктами\\lab-project\\src\\App.js","statementMap":{"0":{"start":{"line":5,"column":26},"end":{"line":5,"column":38}},"1":{"start":{"line":6,"column":26},"end":{"line":6,"column":38}},"2":{"start":{"line":7,"column":24},"end":{"line":7,"column":38}},"3":{"start":{"line":9,"column":26},"end":{"line":12,"column":3}},"4":{"start":{"line":10,"column":19},"end":{"line":10,"column":43}},"5":{"start":{"line":11,"column":4},"end":{"line":11,"column":19}},"6":{"start":{"line":14,"column":2},"end":{"line":40,"column":4}},"7":{"start":{"line":22,"column":25},"end":{"line":22,"column":48}},"8":{"start":{"line":31,"column":25},"end":{"line":31,"column":48}}},"fnMap":{"0":{"name":"App","decl":{"start":{"line":4,"column":9},"end":{"line":4,"column":12}},"loc":{"start":{"line":4,"column":15},"end":{"line":41,"column":1}},"line":4},"1":{"name":"(anonymous_1)","decl":{"start":{"line":9,"column":26},"end":{"line":9,"column":27}},"loc":{"start":{"line":9,"column":32},"end":{"line":12,"column":3}},"line":9},"2":{"name":"(anonymous_2)","decl":{"start":{"line":22,"column":18},"end":{"line":22,"column":19}},"loc":{"start":{"line":22,"column":25},"end":{"line":22,"column":48}},"line":22},"3":{"name":"(anonymous_3)","decl":{"start":{"line":31,"column":18},"end":{"line":31,"column":19}},"loc":{"start":{"line":31,"column":25},"end":{"line":31,"column":48}},"line":31}},"branchMap":{"0":{"loc":{"start":{"line":38,"column":7},"end":{"line":38,"column":43}},"type":"binary-expr","locations":[{"start":{"line":38,"column":7},"end":{"line":38,"column":19}},{"start":{"line":38,"column":23},"end":{"line":38,"column":43}}],"line":38}},"s":{"0":4,"1":4,"2":4,"3":4,"4":1,"5":1,"6":4,"7":1,"8":1},"f":{"0":4,"1":1,"2":1,"3":1},"b":{"0":[4,1]},"_coverageSchema":"1a1c01bbd47fc00a2c39e90264f33305004495a9","hash":"7f1d7ba061934b3acb472a831abc43bce166dbf5"}
,"D:\\Desktop\\6 семестр\\Управління ІТ-проєктами\\lab-project\\src\\utils\\calculateSum.js": {"path":"D:\\Desktop\\6 семестр\\Управління ІТ-проєктами\\lab-project\\src\\utils\\calculateSum.js","statementMap":{"0":{"start":{"line":2,"column":4},"end":{"line":2,"column":33}}},"fnMap":{"0":{"name":"calculateSum","decl":{"start":{"line":1,"column":16},"end":{"line":1,"column":28}},"loc":{"start":{"line":1,"column":35},"end":{"line":3,"column":3}},"line":1}},"branchMap":{},"s":{"0":7},"f":{"0":7},"b":{},"_coverageSchema":"1a1c01bbd47fc00a2c39e90264f33305004495a9","hash":"92ebfcb1832bcbdc54fd9a9ec26e2ff539165f21"}
}
